<?xml version="1.0" encoding="UTF-8"?>
<!-- Generated by org.testng.reporters.JUnitXMLReporter -->
<testsuite ignored="3" hostname="DESKTOP-3P8E78P" failures="1" tests="2" name="Regression" time="20.029" errors="0" timestamp="2025-01-22T00:28:48 IST">
  <testcase classname="CompleteAutoByPageObjectImpl.ErrorValidation" name="LoginValidationError" time="6.265">
    <skipped/>
  </testcase> <!-- LoginValidationError -->
  <testcase classname="CompleteAutoByPageObjectImpl.ErrorValidation" name="LoginValidationError" time="0.984">
    <failure type="java.lang.AssertionError" message="expected:&amp;lt;Incorrec email or password.&amp;gt; but was:&amp;lt;Incorrect email or password.&amp;gt;">
      <![CDATA[java.lang.AssertionError: expected:<Incorrec email or password.> but was:<Incorrect email or password.>
at CompleteAutoByPageObjectImpl.ErrorValidation.LoginValidationError(ErrorValidation.java:23)
at java.base/java.util.ArrayList.forEach(ArrayList.java:1511)
... Removed 29 stack frames]]>
    </failure>
  </testcase> <!-- LoginValidationError -->
  <testcase classname="CompleteAutoByPageObjectImpl.StandAloneTest" name="OderHistory" time="0.0">
    <ignored/>
  </testcase> <!-- OderHistory -->
  <testcase classname="CompleteAutoByPageObjectImpl.ErrorValidation" name="ProductErrorValidation" time="0.0">
    <ignored/>
  </testcase> <!-- ProductErrorValidation -->
  <testcase classname="CompleteAutoByPageObjectImpl.StandAloneTest" name="StandAloneEcomApp" time="0.0">
    <ignored/>
  </testcase> <!-- StandAloneEcomApp -->
</testsuite> <!-- Regression -->
