<?xml version="1.0" encoding="UTF-8"?>
<!-- Generated by org.testng.reporters.JUnitXMLReporter -->
<testsuite ignored="0" hostname="DESKTOP-3P8E78P" failures="1" tests="3" name="Test" time="221.635" errors="0" timestamp="2025-01-22T00:34:23 IST">
  <testcase classname="CompleteAutoByPageObjectImpl.StandAloneTest" name="StandAloneEcomApp" time="69.202">
    <failure type="java.lang.AssertionError">
      <![CDATA[java.lang.AssertionError: 
at CompleteAutoByPageObjectImpl.StandAloneTest.StandAloneEcomApp(StandAloneTest.java:38)
at java.base/java.util.ArrayList.forEach(ArrayList.java:1511)
... Removed 30 stack frames]]>
    </failure>
  </testcase> <!-- StandAloneEcomApp -->
  <testcase classname="CompleteAutoByPageObjectImpl.StandAloneTest" name="StandAloneEcomApp" time="137.403"/>
  <testcase classname="CompleteAutoByPageObjectImpl.StandAloneTest" name="OderHistory" time="0.0">
    <skipped/>
  </testcase> <!-- OderHistory -->
</testsuite> <!-- Test -->
